Started GET "/" for ::1 at 2016-06-28 00:35:41 -0500
  
SyntaxError (/Users/Naik/workspace/C3Suite/app/controllers/application_controller.rb:5: syntax error, unexpected ':', expecting keyword_end
    render html : "Hello, World!"
                 ^):
  
app/controllers/application_controller.rb:5: syntax error, unexpected ':', expecting keyword_end
  Rendering /Users/Naik/.rvm/gems/ruby-2.3.1@global/gems/actionpack-5.0.0.rc2/lib/action_dispatch/middleware/templates/rescues/diagnostics.html.erb within rescues/layout
  Rendering /Users/Naik/.rvm/gems/ruby-2.3.1@global/gems/actionpack-5.0.0.rc2/lib/action_dispatch/middleware/templates/rescues/_source.html.erb
  Rendered /Users/Naik/.rvm/gems/ruby-2.3.1@global/gems/actionpack-5.0.0.rc2/lib/action_dispatch/middleware/templates/rescues/_source.html.erb (3.0ms)
  Rendering /Users/Naik/.rvm/gems/ruby-2.3.1@global/gems/actionpack-5.0.0.rc2/lib/action_dispatch/middleware/templates/rescues/_trace.html.erb
  Rendered /Users/Naik/.rvm/gems/ruby-2.3.1@global/gems/actionpack-5.0.0.rc2/lib/action_dispatch/middleware/templates/rescues/_trace.html.erb (1.6ms)
  Rendering /Users/Naik/.rvm/gems/ruby-2.3.1@global/gems/actionpack-5.0.0.rc2/lib/action_dispatch/middleware/templates/rescues/_request_and_response.html.erb
  Rendered /Users/Naik/.rvm/gems/ruby-2.3.1@global/gems/actionpack-5.0.0.rc2/lib/action_dispatch/middleware/templates/rescues/_request_and_response.html.erb (8.8ms)
  Rendered /Users/Naik/.rvm/gems/ruby-2.3.1@global/gems/actionpack-5.0.0.rc2/lib/action_dispatch/middleware/templates/rescues/diagnostics.html.erb within rescues/layout (85.5ms)
Started GET "/" for ::1 at 2016-06-28 00:36:50 -0500
Processing by ApplicationController#hello as HTML
  Rendering html template
  Rendered html template (0.0ms)
Completed 200 OK in 2ms (Views: 1.8ms | ActiveRecord: 0.0ms)


Started GET "/" for ::1 at 2016-06-28 12:48:46 -0500
Processing by ApplicationController#hello as HTML
  Rendering html template
  Rendered html template (0.0ms)
Completed 200 OK in 17ms (Views: 8.5ms | ActiveRecord: 0.0ms)


Started GET "/" for ::1 at 2016-06-28 12:49:13 -0500
Processing by ApplicationController#hello as HTML
  Rendering html template
  Rendered html template (0.0ms)
Completed 200 OK in 1ms (Views: 0.7ms | ActiveRecord: 0.0ms)


Started GET "/" for ::1 at 2016-06-28 15:35:56 -0500
Processing by ApplicationController#hello as HTML
  Rendering html template
  Rendered html template (0.0ms)
Completed 200 OK in 19ms (Views: 9.8ms | ActiveRecord: 0.0ms)


Started GET "/" for ::1 at 2016-06-28 18:21:11 -0500
Processing by ApplicationController#hello as HTML
  Rendering html template
  Rendered html template (0.0ms)
Completed 200 OK in 1ms (Views: 0.4ms | ActiveRecord: 0.0ms)


Started GET "/" for ::1 at 2016-06-28 18:28:50 -0500
Processing by ApplicationController#hello as HTML
  Rendering html template
  Rendered html template (0.0ms)
Completed 200 OK in 1ms (Views: 0.5ms | ActiveRecord: 0.0ms)


Started GET "/api/home" for ::1 at 2016-06-28 18:28:56 -0500
  
ActionController::RoutingError (uninitialized constant ApiController):
  
activesupport (5.0.0.rc2) lib/active_support/inflector/methods.rb:268:in `const_get'
activesupport (5.0.0.rc2) lib/active_support/inflector/methods.rb:268:in `block in constantize'
activesupport (5.0.0.rc2) lib/active_support/inflector/methods.rb:266:in `each'
activesupport (5.0.0.rc2) lib/active_support/inflector/methods.rb:266:in `inject'
activesupport (5.0.0.rc2) lib/active_support/inflector/methods.rb:266:in `constantize'
actionpack (5.0.0.rc2) lib/action_dispatch/http/request.rb:93:in `controller_class'
actionpack (5.0.0.rc2) lib/action_dispatch/routing/route_set.rb:44:in `controller'
actionpack (5.0.0.rc2) lib/action_dispatch/routing/route_set.rb:30:in `serve'
actionpack (5.0.0.rc2) lib/action_dispatch/journey/router.rb:39:in `block in serve'
actionpack (5.0.0.rc2) lib/action_dispatch/journey/router.rb:26:in `each'
actionpack (5.0.0.rc2) lib/action_dispatch/journey/router.rb:26:in `serve'
actionpack (5.0.0.rc2) lib/action_dispatch/routing/route_set.rb:725:in `call'
rack (2.0.0.rc1) lib/rack/etag.rb:25:in `call'
rack (2.0.0.rc1) lib/rack/conditional_get.rb:25:in `call'
rack (2.0.0.rc1) lib/rack/head.rb:12:in `call'
rack (2.0.0.rc1) lib/rack/session/abstract/id.rb:222:in `context'
rack (2.0.0.rc1) lib/rack/session/abstract/id.rb:216:in `call'
actionpack (5.0.0.rc2) lib/action_dispatch/middleware/cookies.rb:613:in `call'
activerecord (5.0.0.rc2) lib/active_record/migration.rb:552:in `call'
actionpack (5.0.0.rc2) lib/action_dispatch/middleware/callbacks.rb:38:in `block in call'
activesupport (5.0.0.rc2) lib/active_support/callbacks.rb:97:in `__run_callbacks__'
activesupport (5.0.0.rc2) lib/active_support/callbacks.rb:750:in `_run_call_callbacks'
activesupport (5.0.0.rc2) lib/active_support/callbacks.rb:90:in `run_callbacks'
actionpack (5.0.0.rc2) lib/action_dispatch/middleware/callbacks.rb:36:in `call'
actionpack (5.0.0.rc2) lib/action_dispatch/middleware/executor.rb:12:in `call'
actionpack (5.0.0.rc2) lib/action_dispatch/middleware/remote_ip.rb:79:in `call'
actionpack (5.0.0.rc2) lib/action_dispatch/middleware/debug_exceptions.rb:49:in `call'
/Users/Naik/.rvm/gems/ruby-2.3.1@C3suite/gems/web-console-3.3.0/lib/web_console/middleware.rb:131:in `call_app'
/Users/Naik/.rvm/gems/ruby-2.3.1@C3suite/gems/web-console-3.3.0/lib/web_console/middleware.rb:28:in `block in call'
/Users/Naik/.rvm/gems/ruby-2.3.1@C3suite/gems/web-console-3.3.0/lib/web_console/middleware.rb:18:in `catch'
/Users/Naik/.rvm/gems/ruby-2.3.1@C3suite/gems/web-console-3.3.0/lib/web_console/middleware.rb:18:in `call'
actionpack (5.0.0.rc2) lib/action_dispatch/middleware/show_exceptions.rb:31:in `call'
railties (5.0.0.rc2) lib/rails/rack/logger.rb:36:in `call_app'
railties (5.0.0.rc2) lib/rails/rack/logger.rb:24:in `block in call'
activesupport (5.0.0.rc2) lib/active_support/tagged_logging.rb:70:in `block in tagged'
activesupport (5.0.0.rc2) lib/active_support/tagged_logging.rb:26:in `tagged'
activesupport (5.0.0.rc2) lib/active_support/tagged_logging.rb:70:in `tagged'
railties (5.0.0.rc2) lib/rails/rack/logger.rb:24:in `call'
/Users/Naik/.rvm/gems/ruby-2.3.1@C3suite/gems/sprockets-rails-3.1.0/lib/sprockets/rails/quiet_assets.rb:13:in `call'
actionpack (5.0.0.rc2) lib/action_dispatch/middleware/request_id.rb:24:in `call'
rack (2.0.0.rc1) lib/rack/method_override.rb:22:in `call'
rack (2.0.0.rc1) lib/rack/runtime.rb:22:in `call'
activesupport (5.0.0.rc2) lib/active_support/cache/strategy/local_cache_middleware.rb:28:in `call'
actionpack (5.0.0.rc2) lib/action_dispatch/middleware/executor.rb:12:in `call'
actionpack (5.0.0.rc2) lib/action_dispatch/middleware/static.rb:136:in `call'
rack (2.0.0.rc1) lib/rack/sendfile.rb:111:in `call'
railties (5.0.0.rc2) lib/rails/engine.rb:522:in `call'
/Users/Naik/.rvm/gems/ruby-2.3.1@C3suite/gems/puma-3.4.0/lib/puma/configuration.rb:224:in `call'
/Users/Naik/.rvm/gems/ruby-2.3.1@C3suite/gems/puma-3.4.0/lib/puma/server.rb:569:in `handle_request'
/Users/Naik/.rvm/gems/ruby-2.3.1@C3suite/gems/puma-3.4.0/lib/puma/server.rb:406:in `process_client'
/Users/Naik/.rvm/gems/ruby-2.3.1@C3suite/gems/puma-3.4.0/lib/puma/server.rb:271:in `block in run'
/Users/Naik/.rvm/gems/ruby-2.3.1@C3suite/gems/puma-3.4.0/lib/puma/thread_pool.rb:114:in `block in spawn_thread'
  Rendering /Users/Naik/.rvm/gems/ruby-2.3.1@global/gems/actionpack-5.0.0.rc2/lib/action_dispatch/middleware/templates/rescues/routing_error.html.erb within rescues/layout
  Rendering /Users/Naik/.rvm/gems/ruby-2.3.1@global/gems/actionpack-5.0.0.rc2/lib/action_dispatch/middleware/templates/rescues/_trace.html.erb
  Rendered /Users/Naik/.rvm/gems/ruby-2.3.1@global/gems/actionpack-5.0.0.rc2/lib/action_dispatch/middleware/templates/rescues/_trace.html.erb (1.8ms)
  Rendered collection of /Users/Naik/.rvm/gems/ruby-2.3.1@global/gems/actionpack-5.0.0.rc2/lib/action_dispatch/middleware/templates/routes/_route.html.erb [2 times] (7.7ms)
  Rendered /Users/Naik/.rvm/gems/ruby-2.3.1@global/gems/actionpack-5.0.0.rc2/lib/action_dispatch/middleware/templates/routes/_table.html.erb (11.2ms)
  Rendering /Users/Naik/.rvm/gems/ruby-2.3.1@global/gems/actionpack-5.0.0.rc2/lib/action_dispatch/middleware/templates/rescues/_request_and_response.html.erb
  Rendered /Users/Naik/.rvm/gems/ruby-2.3.1@global/gems/actionpack-5.0.0.rc2/lib/action_dispatch/middleware/templates/rescues/_request_and_response.html.erb (0.9ms)
  Rendered /Users/Naik/.rvm/gems/ruby-2.3.1@global/gems/actionpack-5.0.0.rc2/lib/action_dispatch/middleware/templates/rescues/routing_error.html.erb within rescues/layout (114.1ms)
Started GET "/api/home.html" for ::1 at 2016-06-28 18:29:11 -0500
  
ActionController::RoutingError (uninitialized constant ApiController):
  
activesupport (5.0.0.rc2) lib/active_support/inflector/methods.rb:268:in `const_get'
activesupport (5.0.0.rc2) lib/active_support/inflector/methods.rb:268:in `block in constantize'
activesupport (5.0.0.rc2) lib/active_support/inflector/methods.rb:266:in `each'
activesupport (5.0.0.rc2) lib/active_support/inflector/methods.rb:266:in `inject'
activesupport (5.0.0.rc2) lib/active_support/inflector/methods.rb:266:in `constantize'
actionpack (5.0.0.rc2) lib/action_dispatch/http/request.rb:93:in `controller_class'
actionpack (5.0.0.rc2) lib/action_dispatch/routing/route_set.rb:44:in `controller'
actionpack (5.0.0.rc2) lib/action_dispatch/routing/route_set.rb:30:in `serve'
actionpack (5.0.0.rc2) lib/action_dispatch/journey/router.rb:39:in `block in serve'
actionpack (5.0.0.rc2) lib/action_dispatch/journey/router.rb:26:in `each'
actionpack (5.0.0.rc2) lib/action_dispatch/journey/router.rb:26:in `serve'
actionpack (5.0.0.rc2) lib/action_dispatch/routing/route_set.rb:725:in `call'
rack (2.0.0.rc1) lib/rack/etag.rb:25:in `call'
rack (2.0.0.rc1) lib/rack/conditional_get.rb:25:in `call'
rack (2.0.0.rc1) lib/rack/head.rb:12:in `call'
rack (2.0.0.rc1) lib/rack/session/abstract/id.rb:222:in `context'
rack (2.0.0.rc1) lib/rack/session/abstract/id.rb:216:in `call'
actionpack (5.0.0.rc2) lib/action_dispatch/middleware/cookies.rb:613:in `call'
activerecord (5.0.0.rc2) lib/active_record/migration.rb:552:in `call'
actionpack (5.0.0.rc2) lib/action_dispatch/middleware/callbacks.rb:38:in `block in call'
activesupport (5.0.0.rc2) lib/active_support/callbacks.rb:97:in `__run_callbacks__'
activesupport (5.0.0.rc2) lib/active_support/callbacks.rb:750:in `_run_call_callbacks'
activesupport (5.0.0.rc2) lib/active_support/callbacks.rb:90:in `run_callbacks'
actionpack (5.0.0.rc2) lib/action_dispatch/middleware/callbacks.rb:36:in `call'
actionpack (5.0.0.rc2) lib/action_dispatch/middleware/executor.rb:12:in `call'
actionpack (5.0.0.rc2) lib/action_dispatch/middleware/remote_ip.rb:79:in `call'
actionpack (5.0.0.rc2) lib/action_dispatch/middleware/debug_exceptions.rb:49:in `call'
/Users/Naik/.rvm/gems/ruby-2.3.1@C3suite/gems/web-console-3.3.0/lib/web_console/middleware.rb:131:in `call_app'
/Users/Naik/.rvm/gems/ruby-2.3.1@C3suite/gems/web-console-3.3.0/lib/web_console/middleware.rb:28:in `block in call'
/Users/Naik/.rvm/gems/ruby-2.3.1@C3suite/gems/web-console-3.3.0/lib/web_console/middleware.rb:18:in `catch'
/Users/Naik/.rvm/gems/ruby-2.3.1@C3suite/gems/web-console-3.3.0/lib/web_console/middleware.rb:18:in `call'
actionpack (5.0.0.rc2) lib/action_dispatch/middleware/show_exceptions.rb:31:in `call'
railties (5.0.0.rc2) lib/rails/rack/logger.rb:36:in `call_app'
railties (5.0.0.rc2) lib/rails/rack/logger.rb:24:in `block in call'
activesupport (5.0.0.rc2) lib/active_support/tagged_logging.rb:70:in `block in tagged'
activesupport (5.0.0.rc2) lib/active_support/tagged_logging.rb:26:in `tagged'
activesupport (5.0.0.rc2) lib/active_support/tagged_logging.rb:70:in `tagged'
railties (5.0.0.rc2) lib/rails/rack/logger.rb:24:in `call'
/Users/Naik/.rvm/gems/ruby-2.3.1@C3suite/gems/sprockets-rails-3.1.0/lib/sprockets/rails/quiet_assets.rb:13:in `call'
actionpack (5.0.0.rc2) lib/action_dispatch/middleware/request_id.rb:24:in `call'
rack (2.0.0.rc1) lib/rack/method_override.rb:22:in `call'
rack (2.0.0.rc1) lib/rack/runtime.rb:22:in `call'
activesupport (5.0.0.rc2) lib/active_support/cache/strategy/local_cache_middleware.rb:28:in `call'
actionpack (5.0.0.rc2) lib/action_dispatch/middleware/executor.rb:12:in `call'
actionpack (5.0.0.rc2) lib/action_dispatch/middleware/static.rb:136:in `call'
rack (2.0.0.rc1) lib/rack/sendfile.rb:111:in `call'
railties (5.0.0.rc2) lib/rails/engine.rb:522:in `call'
/Users/Naik/.rvm/gems/ruby-2.3.1@C3suite/gems/puma-3.4.0/lib/puma/configuration.rb:224:in `call'
/Users/Naik/.rvm/gems/ruby-2.3.1@C3suite/gems/puma-3.4.0/lib/puma/server.rb:569:in `handle_request'
/Users/Naik/.rvm/gems/ruby-2.3.1@C3suite/gems/puma-3.4.0/lib/puma/server.rb:406:in `process_client'
/Users/Naik/.rvm/gems/ruby-2.3.1@C3suite/gems/puma-3.4.0/lib/puma/server.rb:271:in `block in run'
/Users/Naik/.rvm/gems/ruby-2.3.1@C3suite/gems/puma-3.4.0/lib/puma/thread_pool.rb:114:in `block in spawn_thread'
  Rendering /Users/Naik/.rvm/gems/ruby-2.3.1@global/gems/actionpack-5.0.0.rc2/lib/action_dispatch/middleware/templates/rescues/routing_error.html.erb within rescues/layout
  Rendering /Users/Naik/.rvm/gems/ruby-2.3.1@global/gems/actionpack-5.0.0.rc2/lib/action_dispatch/middleware/templates/rescues/_trace.html.erb
  Rendered /Users/Naik/.rvm/gems/ruby-2.3.1@global/gems/actionpack-5.0.0.rc2/lib/action_dispatch/middleware/templates/rescues/_trace.html.erb (1.5ms)
  Rendered collection of /Users/Naik/.rvm/gems/ruby-2.3.1@global/gems/actionpack-5.0.0.rc2/lib/action_dispatch/middleware/templates/routes/_route.html.erb [2 times] (1.8ms)
  Rendered /Users/Naik/.rvm/gems/ruby-2.3.1@global/gems/actionpack-5.0.0.rc2/lib/action_dispatch/middleware/templates/routes/_table.html.erb (1.2ms)
  Rendering /Users/Naik/.rvm/gems/ruby-2.3.1@global/gems/actionpack-5.0.0.rc2/lib/action_dispatch/middleware/templates/rescues/_request_and_response.html.erb
  Rendered /Users/Naik/.rvm/gems/ruby-2.3.1@global/gems/actionpack-5.0.0.rc2/lib/action_dispatch/middleware/templates/rescues/_request_and_response.html.erb (1.4ms)
  Rendered /Users/Naik/.rvm/gems/ruby-2.3.1@global/gems/actionpack-5.0.0.rc2/lib/action_dispatch/middleware/templates/rescues/routing_error.html.erb within rescues/layout (82.2ms)
Started GET "/rails/info/routes?path=%20f" for ::1 at 2016-06-28 18:29:22 -0500
Processing by Rails::InfoController#routes as */*
  Parameters: {"path"=>" f", "internal"=>true}
Completed 200 OK in 1ms (Views: 0.8ms | ActiveRecord: 0.0ms)


Started GET "/rails/info/routes?path=%20f" for ::1 at 2016-06-28 18:29:23 -0500
Processing by Rails::InfoController#routes as */*
  Parameters: {"path"=>" f", "internal"=>true}
Completed 200 OK in 1ms (Views: 0.1ms | ActiveRecord: 0.0ms)


Started GET "/rails/info/routes?path=" for ::1 at 2016-06-28 18:29:24 -0500
Processing by Rails::InfoController#routes as */*
  Parameters: {"path"=>"", "internal"=>true}
Completed 200 OK in 1ms (Views: 0.2ms | ActiveRecord: 0.0ms)


Started GET "/rails/info/routes?path=%20api" for ::1 at 2016-06-28 18:29:25 -0500
Processing by Rails::InfoController#routes as */*
  Parameters: {"path"=>" api", "internal"=>true}
Completed 200 OK in 1ms (Views: 0.1ms | ActiveRecord: 0.0ms)


Started GET "/rails/info/routes?path=%20apip" for ::1 at 2016-06-28 18:29:26 -0500
Processing by Rails::InfoController#routes as */*
  Parameters: {"path"=>" apip", "internal"=>true}
Completed 200 OK in 1ms (Views: 0.1ms | ActiveRecord: 0.0ms)


Started GET "/views/api/home.html" for ::1 at 2016-06-28 18:29:36 -0500
  
ActionController::RoutingError (No route matches [GET] "/views/api/home.html"):
  
actionpack (5.0.0.rc2) lib/action_dispatch/middleware/debug_exceptions.rb:53:in `call'
/Users/Naik/.rvm/gems/ruby-2.3.1@C3suite/gems/web-console-3.3.0/lib/web_console/middleware.rb:131:in `call_app'
/Users/Naik/.rvm/gems/ruby-2.3.1@C3suite/gems/web-console-3.3.0/lib/web_console/middleware.rb:28:in `block in call'
/Users/Naik/.rvm/gems/ruby-2.3.1@C3suite/gems/web-console-3.3.0/lib/web_console/middleware.rb:18:in `catch'
/Users/Naik/.rvm/gems/ruby-2.3.1@C3suite/gems/web-console-3.3.0/lib/web_console/middleware.rb:18:in `call'
actionpack (5.0.0.rc2) lib/action_dispatch/middleware/show_exceptions.rb:31:in `call'
railties (5.0.0.rc2) lib/rails/rack/logger.rb:36:in `call_app'
railties (5.0.0.rc2) lib/rails/rack/logger.rb:24:in `block in call'
activesupport (5.0.0.rc2) lib/active_support/tagged_logging.rb:70:in `block in tagged'
activesupport (5.0.0.rc2) lib/active_support/tagged_logging.rb:26:in `tagged'
activesupport (5.0.0.rc2) lib/active_support/tagged_logging.rb:70:in `tagged'
railties (5.0.0.rc2) lib/rails/rack/logger.rb:24:in `call'
/Users/Naik/.rvm/gems/ruby-2.3.1@C3suite/gems/sprockets-rails-3.1.0/lib/sprockets/rails/quiet_assets.rb:13:in `call'
actionpack (5.0.0.rc2) lib/action_dispatch/middleware/request_id.rb:24:in `call'
rack (2.0.0.rc1) lib/rack/method_override.rb:22:in `call'
rack (2.0.0.rc1) lib/rack/runtime.rb:22:in `call'
activesupport (5.0.0.rc2) lib/active_support/cache/strategy/local_cache_middleware.rb:28:in `call'
actionpack (5.0.0.rc2) lib/action_dispatch/middleware/executor.rb:12:in `call'
actionpack (5.0.0.rc2) lib/action_dispatch/middleware/static.rb:136:in `call'
rack (2.0.0.rc1) lib/rack/sendfile.rb:111:in `call'
railties (5.0.0.rc2) lib/rails/engine.rb:522:in `call'
/Users/Naik/.rvm/gems/ruby-2.3.1@C3suite/gems/puma-3.4.0/lib/puma/configuration.rb:224:in `call'
/Users/Naik/.rvm/gems/ruby-2.3.1@C3suite/gems/puma-3.4.0/lib/puma/server.rb:569:in `handle_request'
/Users/Naik/.rvm/gems/ruby-2.3.1@C3suite/gems/puma-3.4.0/lib/puma/server.rb:406:in `process_client'
/Users/Naik/.rvm/gems/ruby-2.3.1@C3suite/gems/puma-3.4.0/lib/puma/server.rb:271:in `block in run'
/Users/Naik/.rvm/gems/ruby-2.3.1@C3suite/gems/puma-3.4.0/lib/puma/thread_pool.rb:114:in `block in spawn_thread'
  Rendering /Users/Naik/.rvm/gems/ruby-2.3.1@global/gems/actionpack-5.0.0.rc2/lib/action_dispatch/middleware/templates/rescues/routing_error.html.erb within rescues/layout
  Rendering /Users/Naik/.rvm/gems/ruby-2.3.1@global/gems/actionpack-5.0.0.rc2/lib/action_dispatch/middleware/templates/rescues/_trace.html.erb
  Rendered /Users/Naik/.rvm/gems/ruby-2.3.1@global/gems/actionpack-5.0.0.rc2/lib/action_dispatch/middleware/templates/rescues/_trace.html.erb (1.0ms)
  Rendered collection of /Users/Naik/.rvm/gems/ruby-2.3.1@global/gems/actionpack-5.0.0.rc2/lib/action_dispatch/middleware/templates/routes/_route.html.erb [2 times] (1.1ms)
  Rendered /Users/Naik/.rvm/gems/ruby-2.3.1@global/gems/actionpack-5.0.0.rc2/lib/action_dispatch/middleware/templates/routes/_table.html.erb (1.0ms)
  Rendering /Users/Naik/.rvm/gems/ruby-2.3.1@global/gems/actionpack-5.0.0.rc2/lib/action_dispatch/middleware/templates/rescues/_request_and_response.html.erb
  Rendered /Users/Naik/.rvm/gems/ruby-2.3.1@global/gems/actionpack-5.0.0.rc2/lib/action_dispatch/middleware/templates/rescues/_request_and_response.html.erb (0.7ms)
  Rendered /Users/Naik/.rvm/gems/ruby-2.3.1@global/gems/actionpack-5.0.0.rc2/lib/action_dispatch/middleware/templates/rescues/routing_error.html.erb within rescues/layout (73.9ms)
